<?xml version="1.0" encoding="UTF-8"?>
<testsuite name="com.service.UserServiceImplTest" tests="9" skipped="0" failures="0" errors="0" timestamp="2021-04-23T06:35:08" hostname="SULIMAN" time="0.44">
  <properties/>
  <testcase name="checkOldPassword()" classname="com.service.UserServiceImplTest" time="0.385"/>
  <testcase name="selectById()" classname="com.service.UserServiceImplTest" time="0.007"/>
  <testcase name="selectByUsername()" classname="com.service.UserServiceImplTest" time="0.006"/>
  <testcase name="selectAllUsers()" classname="com.service.UserServiceImplTest" time="0.003"/>
  <testcase name="updateWithPassword()" classname="com.service.UserServiceImplTest" time="0.008"/>
  <testcase name="selectByUsernameAndPassword()" classname="com.service.UserServiceImplTest" time="0.008"/>
  <testcase name="delete()" classname="com.service.UserServiceImplTest" time="0.005"/>
  <testcase name="insert()" classname="com.service.UserServiceImplTest" time="0.003"/>
  <testcase name="update()" classname="com.service.UserServiceImplTest" time="0.004"/>
  <system-out><![CDATA[]]></system-out>
  <system-err><![CDATA[[Test worker] INFO org.springframework.test.context.web.WebTestContextBootstrapper - Loaded default TestExecutionListener class names from location [META-INF/spring.factories]: [org.springframework.test.context.web.ServletTestExecutionListener, org.springframework.test.context.support.DirtiesContextBeforeModesTestExecutionListener, org.springframework.test.context.event.ApplicationEventsTestExecutionListener, org.springframework.test.context.support.DependencyInjectionTestExecutionListener, org.springframework.test.context.support.DirtiesContextTestExecutionListener, org.springframework.test.context.transaction.TransactionalTestExecutionListener, org.springframework.test.context.jdbc.SqlScriptsTestExecutionListener, org.springframework.test.context.event.EventPublishingTestExecutionListener]
[Test worker] INFO org.springframework.test.context.web.WebTestContextBootstrapper - Using TestExecutionListeners: [org.springframework.test.context.web.ServletTestExecutionListener@d6935d1, org.springframework.test.context.support.DirtiesContextBeforeModesTestExecutionListener@29f5ff6f, org.springframework.test.context.event.ApplicationEventsTestExecutionListener@3cd8a5f8, org.springframework.test.context.support.DependencyInjectionTestExecutionListener@1e62e91a, org.springframework.test.context.support.DirtiesContextTestExecutionListener@5a6180ba, org.springframework.test.context.transaction.TransactionalTestExecutionListener@5c69021e, org.springframework.test.context.jdbc.SqlScriptsTestExecutionListener@25679b0e, org.springframework.test.context.event.EventPublishingTestExecutionListener@2cc49c81]
]]></system-err>
</testsuite>
