<?xml version="1.0" encoding="UTF-8"?>
<testsuite name="com.service.LikeServiceImplTest" tests="6" skipped="0" failures="0" errors="0" timestamp="2021-04-23T06:35:08" hostname="SULIMAN" time="0.123">
  <properties/>
  <testcase name="selectAll()" classname="com.service.LikeServiceImplTest" time="0.086"/>
  <testcase name="selectAllForPostId()" classname="com.service.LikeServiceImplTest" time="0.006"/>
  <testcase name="delete()" classname="com.service.LikeServiceImplTest" time="0.005"/>
  <testcase name="selectAllForUserId()" classname="com.service.LikeServiceImplTest" time="0.012"/>
  <testcase name="insert()" classname="com.service.LikeServiceImplTest" time="0.004"/>
  <testcase name="update()" classname="com.service.LikeServiceImplTest" time="0.004"/>
  <system-out><![CDATA[]]></system-out>
  <system-err><![CDATA[[Test worker] INFO org.springframework.test.context.web.WebTestContextBootstrapper - Loaded default TestExecutionListener class names from location [META-INF/spring.factories]: [org.springframework.test.context.web.ServletTestExecutionListener, org.springframework.test.context.support.DirtiesContextBeforeModesTestExecutionListener, org.springframework.test.context.event.ApplicationEventsTestExecutionListener, org.springframework.test.context.support.DependencyInjectionTestExecutionListener, org.springframework.test.context.support.DirtiesContextTestExecutionListener, org.springframework.test.context.transaction.TransactionalTestExecutionListener, org.springframework.test.context.jdbc.SqlScriptsTestExecutionListener, org.springframework.test.context.event.EventPublishingTestExecutionListener]
[Test worker] INFO org.springframework.test.context.web.WebTestContextBootstrapper - Using TestExecutionListeners: [org.springframework.test.context.web.ServletTestExecutionListener@5b76c41c, org.springframework.test.context.support.DirtiesContextBeforeModesTestExecutionListener@2900250, org.springframework.test.context.event.ApplicationEventsTestExecutionListener@7dce3240, org.springframework.test.context.support.DependencyInjectionTestExecutionListener@58f12b0, org.springframework.test.context.support.DirtiesContextTestExecutionListener@68b46039, org.springframework.test.context.transaction.TransactionalTestExecutionListener@6ab46dfd, org.springframework.test.context.jdbc.SqlScriptsTestExecutionListener@66e41ed9, org.springframework.test.context.event.EventPublishingTestExecutionListener@1b838a27]
]]></system-err>
</testsuite>
