<?xml version="1.0" encoding="UTF-8"?>
<testsuite name="com.controller.PostControllerTest" tests="7" skipped="0" failures="0" errors="0" timestamp="2021-04-23T06:35:07" hostname="SULIMAN" time="0.151">
  <properties/>
  <testcase name="getPostById()" classname="com.controller.PostControllerTest" time="0.12"/>
  <testcase name="getPostsLikedByUser()" classname="com.controller.PostControllerTest" time="0.004"/>
  <testcase name="getAllPosts()" classname="com.controller.PostControllerTest" time="0.004"/>
  <testcase name="updatePost()" classname="com.controller.PostControllerTest" time="0.004"/>
  <testcase name="createNewPost()" classname="com.controller.PostControllerTest" time="0.003"/>
  <testcase name="getPostsCreatedByUser()" classname="com.controller.PostControllerTest" time="0.005"/>
  <testcase name="deletePost()" classname="com.controller.PostControllerTest" time="0.004"/>
  <system-out><![CDATA[]]></system-out>
  <system-err><![CDATA[[Test worker] INFO org.springframework.test.context.web.WebTestContextBootstrapper - Loaded default TestExecutionListener class names from location [META-INF/spring.factories]: [org.springframework.test.context.web.ServletTestExecutionListener, org.springframework.test.context.support.DirtiesContextBeforeModesTestExecutionListener, org.springframework.test.context.event.ApplicationEventsTestExecutionListener, org.springframework.test.context.support.DependencyInjectionTestExecutionListener, org.springframework.test.context.support.DirtiesContextTestExecutionListener, org.springframework.test.context.transaction.TransactionalTestExecutionListener, org.springframework.test.context.jdbc.SqlScriptsTestExecutionListener, org.springframework.test.context.event.EventPublishingTestExecutionListener]
[Test worker] INFO org.springframework.test.context.web.WebTestContextBootstrapper - Using TestExecutionListeners: [org.springframework.test.context.web.ServletTestExecutionListener@4d69a6c6, org.springframework.test.context.support.DirtiesContextBeforeModesTestExecutionListener@66ce906e, org.springframework.test.context.event.ApplicationEventsTestExecutionListener@6f009cae, org.springframework.test.context.support.DependencyInjectionTestExecutionListener@2db995ea, org.springframework.test.context.support.DirtiesContextTestExecutionListener@2d66490d, org.springframework.test.context.transaction.TransactionalTestExecutionListener@3fb9e12f, org.springframework.test.context.jdbc.SqlScriptsTestExecutionListener@54b7ff9a, org.springframework.test.context.event.EventPublishingTestExecutionListener@35c02623]
]]></system-err>
</testsuite>
