<?xml version="1.0" encoding="UTF-8"?>
<testsuite name="com.service.PostServiceTest" tests="7" skipped="0" failures="0" errors="0" timestamp="2021-04-23T06:35:08" hostname="SULIMAN" time="0.184">
  <properties/>
  <testcase name="selectAllLikedByUser()" classname="com.service.PostServiceTest" time="0.054"/>
  <testcase name="selectById()" classname="com.service.PostServiceTest" time="0.006"/>
  <testcase name="selectAllPosts()" classname="com.service.PostServiceTest" time="0.004"/>
  <testcase name="selectAllByUser()" classname="com.service.PostServiceTest" time="0.003"/>
  <testcase name="delete()" classname="com.service.PostServiceTest" time="0.097"/>
  <testcase name="insert()" classname="com.service.PostServiceTest" time="0.004"/>
  <testcase name="update()" classname="com.service.PostServiceTest" time="0.005"/>
  <system-out><![CDATA[]]></system-out>
  <system-err><![CDATA[[Test worker] INFO org.springframework.test.context.web.WebTestContextBootstrapper - Loaded default TestExecutionListener class names from location [META-INF/spring.factories]: [org.springframework.test.context.web.ServletTestExecutionListener, org.springframework.test.context.support.DirtiesContextBeforeModesTestExecutionListener, org.springframework.test.context.event.ApplicationEventsTestExecutionListener, org.springframework.test.context.support.DependencyInjectionTestExecutionListener, org.springframework.test.context.support.DirtiesContextTestExecutionListener, org.springframework.test.context.transaction.TransactionalTestExecutionListener, org.springframework.test.context.jdbc.SqlScriptsTestExecutionListener, org.springframework.test.context.event.EventPublishingTestExecutionListener]
[Test worker] INFO org.springframework.test.context.web.WebTestContextBootstrapper - Using TestExecutionListeners: [org.springframework.test.context.web.ServletTestExecutionListener@397f9009, org.springframework.test.context.support.DirtiesContextBeforeModesTestExecutionListener@d65d2e0, org.springframework.test.context.event.ApplicationEventsTestExecutionListener@19516ef6, org.springframework.test.context.support.DependencyInjectionTestExecutionListener@7d89d116, org.springframework.test.context.support.DirtiesContextTestExecutionListener@38b3f976, org.springframework.test.context.transaction.TransactionalTestExecutionListener@1be2ce52, org.springframework.test.context.jdbc.SqlScriptsTestExecutionListener@9563506, org.springframework.test.context.event.EventPublishingTestExecutionListener@3a64445b]
]]></system-err>
</testsuite>
